<?xml version="1.0" encoding="UTF-8"?>
<testng-results ignored="0" total="4" passed="1" failed="1" skipped="2">
  <reporter-output>
  </reporter-output>
  <suite started-at="2024-02-12T16:01:33 IST" name="Test Suite: Emulator- Pixel 3" finished-at="2024-02-12T16:10:49 IST" duration-ms="555655">
    <groups>
      <group name="REGRESSION">
        <method signature="CoinDetailsTest.allTestCasesRelated_Mycoins()[pri:1, instance:com.appium.tests.CoinDetailsTest@402c4085]" name="allTestCasesRelated_Mycoins" class="com.appium.tests.CoinDetailsTest"/>
        <method signature="CoinDetailsTest.allTestCasesRelated_Wishlist()[pri:2, instance:com.appium.tests.CoinDetailsTest@402c4085]" name="allTestCasesRelated_Wishlist" class="com.appium.tests.CoinDetailsTest"/>
        <method signature="CoinDetailsTest.allTestCasesRelated_Likes()[pri:2, instance:com.appium.tests.CoinDetailsTest@402c4085]" name="allTestCasesRelated_Likes" class="com.appium.tests.CoinDetailsTest"/>
        <method signature="CoinDetailsTest.allTestCasesRelated_Templates()[pri:2, instance:com.appium.tests.CoinDetailsTest@402c4085]" name="allTestCasesRelated_Templates" class="com.appium.tests.CoinDetailsTest"/>
      </group> <!-- REGRESSION -->
      <group name="SMOKE">
        <method signature="CoinDetailsTest.allTestCasesRelated_Mycoins()[pri:1, instance:com.appium.tests.CoinDetailsTest@402c4085]" name="allTestCasesRelated_Mycoins" class="com.appium.tests.CoinDetailsTest"/>
        <method signature="CoinDetailsTest.allTestCasesRelated_Wishlist()[pri:2, instance:com.appium.tests.CoinDetailsTest@402c4085]" name="allTestCasesRelated_Wishlist" class="com.appium.tests.CoinDetailsTest"/>
        <method signature="CoinDetailsTest.allTestCasesRelated_Likes()[pri:2, instance:com.appium.tests.CoinDetailsTest@402c4085]" name="allTestCasesRelated_Likes" class="com.appium.tests.CoinDetailsTest"/>
        <method signature="CoinDetailsTest.allTestCasesRelated_Templates()[pri:2, instance:com.appium.tests.CoinDetailsTest@402c4085]" name="allTestCasesRelated_Templates" class="com.appium.tests.CoinDetailsTest"/>
      </group> <!-- SMOKE -->
    </groups>
    <test started-at="2024-02-12T16:01:33 IST" name="Tests on Emulator: Pixel 7 Pro API 31" finished-at="2024-02-12T16:10:49 IST" duration-ms="555655">
      <class name="com.appium.tests.CoinDetailsTest">
        <test-method is-config="true" signature="beforeSuite(org.testng.ITestContext)[pri:0, instance:com.appium.tests.CoinDetailsTest@402c4085]" started-at="2024-02-12T16:01:23 IST" name="beforeSuite" finished-at="2024-02-12T16:01:33 IST" duration-ms="9773" status="PASS">
          <params>
            <param index="0">
              <value>
                <![CDATA[org.testng.TestRunner@723742b2]]>
              </value>
            </param>
          </params>
          <reporter-output>
          </reporter-output>
        </test-method> <!-- beforeSuite -->
        <test-method is-config="true" signature="beforeTest(java.lang.String,java.lang.String,java.lang.String,java.lang.String,java.lang.String,java.lang.String,java.lang.String,java.lang.String)[pri:0, instance:com.appium.tests.CoinDetailsTest@402c4085]" started-at="2024-02-12T16:01:33 IST" name="beforeTest" finished-at="2024-02-12T16:01:41 IST" duration-ms="8299" status="PASS">
          <params>
            <param index="0">
              <value>
                <![CDATA[true]]>
              </value>
            </param>
            <param index="1">
              <value>
                <![CDATA[Android]]>
              </value>
            </param>
            <param index="2">
              <value>
                <![CDATA[emulator-5554]]>
              </value>
            </param>
            <param index="3">
              <value>
                <![CDATA[Pixel_7_Pro_API_31]]>
              </value>
            </param>
            <param index="4">
              <value>
                <![CDATA[10000]]>
              </value>
            </param>
            <param index="5">
              <value>
                <![CDATA[11000]]>
              </value>
            </param>
            <param index="6">
              <value>
                <![CDATA[iOSOnly]]>
              </value>
            </param>
            <param index="7">
              <value>
                <![CDATA[iOSOnly]]>
              </value>
            </param>
          </params>
          <reporter-output>
          </reporter-output>
        </test-method> <!-- beforeTest -->
        <test-method is-config="true" signature="beforeTestMethod(org.testng.ITestContext)[pri:0, instance:com.appium.tests.CoinDetailsTest@402c4085]" started-at="2024-02-12T16:01:41 IST" name="beforeTestMethod" finished-at="2024-02-12T16:01:42 IST" duration-ms="585" status="PASS">
          <params>
            <param index="0">
              <value>
                <![CDATA[org.testng.TestRunner@723742b2]]>
              </value>
            </param>
          </params>
          <reporter-output>
          </reporter-output>
        </test-method> <!-- beforeTestMethod -->
        <test-method is-config="true" signature="beforeMethod(java.lang.reflect.Method)[pri:0, instance:com.appium.tests.CoinDetailsTest@402c4085]" started-at="2024-02-12T16:01:42 IST" name="beforeMethod" finished-at="2024-02-12T16:01:42 IST" duration-ms="332" status="PASS">
          <params>
            <param index="0">
              <value>
                <![CDATA[public void com.appium.tests.CoinDetailsTest.allTestCasesRelated_Mycoins() throws java.lang.InterruptedException,java.io.IOException]]>
              </value>
            </param>
          </params>
          <reporter-output>
          </reporter-output>
        </test-method> <!-- beforeMethod -->
        <test-method signature="allTestCasesRelated_Mycoins()[pri:1, instance:com.appium.tests.CoinDetailsTest@402c4085]" started-at="2024-02-12T16:01:42 IST" name="allTestCasesRelated_Mycoins" description="Explore Page :T301" finished-at="2024-02-12T16:01:42 IST" duration-ms="27" status="PASS">
          <reporter-output>
          </reporter-output>
        </test-method> <!-- allTestCasesRelated_Mycoins -->
        <test-method is-config="true" signature="afterMethod(java.lang.reflect.Method)[pri:0, instance:com.appium.tests.CoinDetailsTest@402c4085]" started-at="2024-02-12T16:01:42 IST" name="afterMethod" finished-at="2024-02-12T16:01:42 IST" duration-ms="1" status="PASS">
          <params>
            <param index="0">
              <value>
                <![CDATA[public void com.appium.tests.CoinDetailsTest.allTestCasesRelated_Mycoins() throws java.lang.InterruptedException,java.io.IOException]]>
              </value>
            </param>
          </params>
          <reporter-output>
          </reporter-output>
        </test-method> <!-- afterMethod -->
        <test-method is-config="true" signature="afterTestMethod(org.testng.ITestContext,org.testng.ITestResult)[pri:0, instance:com.appium.tests.CoinDetailsTest@402c4085]" started-at="2024-02-12T16:01:42 IST" name="afterTestMethod" finished-at="2024-02-12T16:01:43 IST" duration-ms="1209" status="PASS">
          <params>
            <param index="0">
              <value>
                <![CDATA[org.testng.TestRunner@723742b2]]>
              </value>
            </param>
            <param index="1">
              <value>
                <![CDATA[[TestResult name=allTestCasesRelated_Mycoins status=SUCCESS method=CoinDetailsTest.allTestCasesRelated_Mycoins()[pri:1, instance:com.appium.tests.CoinDetailsTest@402c4085] output={null}]]]>
              </value>
            </param>
          </params>
          <reporter-output>
          </reporter-output>
        </test-method> <!-- afterTestMethod -->
        <test-method is-config="true" signature="beforeTestMethod(org.testng.ITestContext)[pri:0, instance:com.appium.tests.CoinDetailsTest@402c4085]" started-at="2024-02-12T16:01:44 IST" name="beforeTestMethod" finished-at="2024-02-12T16:01:44 IST" duration-ms="587" status="PASS">
          <params>
            <param index="0">
              <value>
                <![CDATA[org.testng.TestRunner@723742b2]]>
              </value>
            </param>
          </params>
          <reporter-output>
          </reporter-output>
        </test-method> <!-- beforeTestMethod -->
        <test-method is-config="true" signature="beforeMethod(java.lang.reflect.Method)[pri:0, instance:com.appium.tests.CoinDetailsTest@402c4085]" started-at="2024-02-12T16:01:44 IST" name="beforeMethod" finished-at="2024-02-12T16:01:44 IST" duration-ms="30" status="PASS">
          <params>
            <param index="0">
              <value>
                <![CDATA[public void com.appium.tests.CoinDetailsTest.allTestCasesRelated_Wishlist() throws java.lang.InterruptedException]]>
              </value>
            </param>
          </params>
          <reporter-output>
          </reporter-output>
        </test-method> <!-- beforeMethod -->
        <test-method signature="allTestCasesRelated_Wishlist()[pri:2, instance:com.appium.tests.CoinDetailsTest@402c4085]" started-at="2024-02-12T16:01:44 IST" name="allTestCasesRelated_Wishlist" finished-at="2024-02-12T16:10:40 IST" depends-on-methods="com.appium.tests.CoinDetailsTest.allTestCasesRelated_Mycoins" duration-ms="535533" status="FAIL">
          <exception class="java.lang.RuntimeException">
            <message>
              <![CDATA[Failed to click on: <By Location > A-Z>. Exception: Appium Exception Details:
Error: Timeout waiting for element. Details: Expected condition failed: waiting for visibility of Located by By.chained({By.xpath: //android.view.ViewGroup[@resource-id='button_country_list_card_1_browse_screen_country_list_card_2_1_2']}) (tried for 30 second(s) with 500 milliseconds interval)]]>
            </message>
            <full-stacktrace>
              <![CDATA[java.lang.RuntimeException: Failed to click on: <By Location > A-Z>. Exception: Appium Exception Details:
Error: Timeout waiting for element. Details: Expected condition failed: waiting for visibility of Located by By.chained({By.xpath: //android.view.ViewGroup[@resource-id='button_country_list_card_1_browse_screen_country_list_card_2_1_2']}) (tried for 30 second(s) with 500 milliseconds interval)
at com.appium.base.BasePage.click(BasePage.java:340)
at com.appium.base.BasePage.click(BasePage.java:280)
at com.appium.pages.ExplorePage.click_byLocationATOZ_AndCountry(ExplorePage.java:176)
at com.appium.pages.ExplorePage.AddAndRemoveCoinsFromCollection(ExplorePage.java:256)
at com.appium.pages.CoinsDetailsPage.AddCoinToContryWithCollectionName(CoinsDetailsPage.java:206)
at com.appium.tests.CoinDetailsTest.allTestCasesRelated_Wishlist(CoinDetailsTest.java:71)
at java.base/jdk.internal.reflect.NativeMethodAccessorImpl.invoke0(Native Method)
at java.base/jdk.internal.reflect.NativeMethodAccessorImpl.invoke(NativeMethodAccessorImpl.java:62)
at java.base/jdk.internal.reflect.DelegatingMethodAccessorImpl.invoke(DelegatingMethodAccessorImpl.java:43)
at java.base/java.lang.reflect.Method.invoke(Method.java:566)
at org.testng.internal.MethodInvocationHelper.invokeMethod(MethodInvocationHelper.java:133)
at org.testng.internal.TestInvoker.invokeMethod(TestInvoker.java:598)
at org.testng.internal.TestInvoker.invokeTestMethod(TestInvoker.java:173)
at org.testng.internal.MethodRunner.runInSequence(MethodRunner.java:46)
at org.testng.internal.TestInvoker$MethodInvocationAgent.invoke(TestInvoker.java:824)
at org.testng.internal.TestInvoker.invokeTestMethods(TestInvoker.java:146)
at org.testng.internal.TestMethodWorker.invokeTestMethods(TestMethodWorker.java:146)
at org.testng.internal.TestMethodWorker.run(TestMethodWorker.java:128)
at java.base/java.util.ArrayList.forEach(ArrayList.java:1541)
at org.testng.TestRunner.privateRun(TestRunner.java:794)
at org.testng.TestRunner.run(TestRunner.java:596)
at org.testng.SuiteRunner.runTest(SuiteRunner.java:377)
at org.testng.SuiteRunner.runSequentially(SuiteRunner.java:371)
at org.testng.SuiteRunner.privateRun(SuiteRunner.java:332)
at org.testng.SuiteRunner.run(SuiteRunner.java:276)
at org.testng.SuiteRunnerWorker.runSuite(SuiteRunnerWorker.java:53)
at org.testng.SuiteRunnerWorker.run(SuiteRunnerWorker.java:96)
at org.testng.TestNG.runSuitesSequentially(TestNG.java:1212)
at org.testng.TestNG.runSuitesLocally(TestNG.java:1134)
at org.testng.TestNG.runSuites(TestNG.java:1063)
at org.testng.TestNG.run(TestNG.java:1031)
at org.testng.remote.AbstractRemoteTestNG.run(AbstractRemoteTestNG.java:115)
at org.testng.remote.RemoteTestNG.initAndRun(RemoteTestNG.java:251)
at org.testng.remote.RemoteTestNG.main(RemoteTestNG.java:77)
Caused by: org.openqa.selenium.TimeoutException: Expected condition failed: waiting for visibility of Located by By.chained({By.xpath: //android.view.ViewGroup[@resource-id='button_country_list_card_1_browse_screen_country_list_card_2_1_2']}) (tried for 30 second(s) with 500 milliseconds interval)
at org.openqa.selenium.support.ui.WebDriverWait.timeoutException(WebDriverWait.java:95)
at org.openqa.selenium.support.ui.FluentWait.until(FluentWait.java:272)
at com.appium.base.BasePage.waitForVisibility(BasePage.java:86)
at com.appium.base.BasePage.click(BasePage.java:290)
... 33 more
Caused by: org.openqa.selenium.NoSuchElementException: Can't locate an element by this strategy: By.chained({By.xpath: //android.view.ViewGroup[@resource-id='button_country_list_card_1_browse_screen_country_list_card_2_1_2']})
at io.appium.java_client.pagefactory.AppiumElementLocator.findElement(AppiumElementLocator.java:126)
at io.appium.java_client.pagefactory.interceptors.InterceptorOfASingleElement.intercept(InterceptorOfASingleElement.java:59)
at io.appium.java_client.android.AndroidElement$$EnhancerByCGLIB$$b598166c.isDisplayed(<generated>)
at org.openqa.selenium.support.ui.ExpectedConditions.elementIfVisible(ExpectedConditions.java:314)
at org.openqa.selenium.support.ui.ExpectedConditions.access$000(ExpectedConditions.java:43)
at org.openqa.selenium.support.ui.ExpectedConditions$10.apply(ExpectedConditions.java:300)
at org.openqa.selenium.support.ui.ExpectedConditions$10.apply(ExpectedConditions.java:297)
at org.openqa.selenium.support.ui.FluentWait.until(FluentWait.java:249)
... 35 more
Caused by: org.openqa.selenium.TimeoutException: Expected condition failed: waiting for io.appium.java_client.pagefactory.AppiumElementLocator$WaitingFunction@3946075 (tried for 30 second(s) with 500 milliseconds interval)
at org.openqa.selenium.support.ui.FluentWait.timeoutException(FluentWait.java:304)
at org.openqa.selenium.support.ui.FluentWait.until(FluentWait.java:272)
at io.appium.java_client.pagefactory.AppiumElementLocator.waitFor(AppiumElementLocator.java:99)
at io.appium.java_client.pagefactory.AppiumElementLocator.findElement(AppiumElementLocator.java:119)
... 42 more
Caused by: org.openqa.selenium.NoSuchElementException: Cannot locate an element using By.chained({By.xpath: //android.view.ViewGroup[@resource-id='button_country_list_card_1_browse_screen_country_list_card_2_1_2']})
For documentation on this error, please visit: https://www.seleniumhq.org/exceptions/no_such_element.html
Build info: version: '3.141.59', revision: 'e82be7d358', time: '2018-11-14T08:17:03'
System info: host: 'RUDRA', ip: '192.168.1.2', os.name: 'Windows 11', os.arch: 'amd64', os.version: '10.0', java.version: '11.0.20'
Driver info: driver.version: AndroidDriver
at io.appium.java_client.pagefactory.bys.builder.ByChained.findElement(ByChained.java:74)
at org.openqa.selenium.remote.RemoteWebDriver.findElement(RemoteWebDriver.java:315)
at io.appium.java_client.DefaultGenericMobileDriver.findElement(DefaultGenericMobileDriver.java:57)
at io.appium.java_client.AppiumDriver.findElement(AppiumDriver.java:1)
at io.appium.java_client.android.AndroidDriver.findElement(AndroidDriver.java:1)
at io.appium.java_client.pagefactory.bys.ContentMappedBy.findElement(ContentMappedBy.java:50)
at org.openqa.selenium.remote.RemoteWebDriver.findElement(RemoteWebDriver.java:315)
at io.appium.java_client.DefaultGenericMobileDriver.findElement(DefaultGenericMobileDriver.java:57)
at io.appium.java_client.AppiumDriver.findElement(AppiumDriver.java:1)
at io.appium.java_client.android.AndroidDriver.findElement(AndroidDriver.java:1)
at io.appium.java_client.pagefactory.AppiumElementLocator.lambda$0(AppiumElementLocator.java:120)
at io.appium.java_client.pagefactory.AppiumElementLocator$WaitingFunction.apply(AppiumElementLocator.java:172)
at io.appium.java_client.pagefactory.AppiumElementLocator$WaitingFunction.apply(AppiumElementLocator.java:1)
at org.openqa.selenium.support.ui.FluentWait.until(FluentWait.java:249)
... 44 more
]]>
            </full-stacktrace>
          </exception> <!-- java.lang.RuntimeException -->
          <reporter-output>
          </reporter-output>
        </test-method> <!-- allTestCasesRelated_Wishlist -->
        <test-method is-config="true" signature="afterTestMethod(org.testng.ITestContext,org.testng.ITestResult)[pri:0, instance:com.appium.tests.CoinDetailsTest@402c4085]" started-at="2024-02-12T16:10:41 IST" name="afterTestMethod" finished-at="2024-02-12T16:10:47 IST" duration-ms="6728" status="PASS">
          <params>
            <param index="0">
              <value>
                <![CDATA[org.testng.TestRunner@723742b2]]>
              </value>
            </param>
            <param index="1">
              <value>
                <![CDATA[[TestResult name=allTestCasesRelated_Wishlist status=FAILURE method=CoinDetailsTest.allTestCasesRelated_Wishlist()[pri:2, instance:com.appium.tests.CoinDetailsTest@402c4085] output={null}]]]>
              </value>
            </param>
          </params>
          <reporter-output>
          </reporter-output>
        </test-method> <!-- afterTestMethod -->
        <test-method is-config="true" signature="afterMethod(java.lang.reflect.Method)[pri:0, instance:com.appium.tests.CoinDetailsTest@402c4085]" started-at="2024-02-12T16:10:41 IST" name="afterMethod" finished-at="2024-02-12T16:10:41 IST" duration-ms="0" status="PASS">
          <params>
            <param index="0">
              <value>
                <![CDATA[public void com.appium.tests.CoinDetailsTest.allTestCasesRelated_Wishlist() throws java.lang.InterruptedException]]>
              </value>
            </param>
          </params>
          <reporter-output>
          </reporter-output>
        </test-method> <!-- afterMethod -->
        <test-method signature="allTestCasesRelated_Likes()[pri:2, instance:com.appium.tests.CoinDetailsTest@402c4085]" started-at="2024-02-12T16:10:47 IST" name="allTestCasesRelated_Likes" finished-at="2024-02-12T16:10:47 IST" depends-on-methods="com.appium.tests.CoinDetailsTest.allTestCasesRelated_Wishlist" duration-ms="0" status="SKIP">
          <exception class="java.lang.Throwable">
            <message>
              <![CDATA[Method CoinDetailsTest.allTestCasesRelated_Likes()[pri:2, instance:com.appium.tests.CoinDetailsTest@402c4085] depends on not successfully finished methods]]>
            </message>
            <full-stacktrace>
              <![CDATA[java.lang.Throwable: Method CoinDetailsTest.allTestCasesRelated_Likes()[pri:2, instance:com.appium.tests.CoinDetailsTest@402c4085] depends on not successfully finished methods
at org.testng.internal.TestInvoker.invokeTestMethods(TestInvoker.java:102)
at org.testng.internal.TestMethodWorker.invokeTestMethods(TestMethodWorker.java:146)
at org.testng.internal.TestMethodWorker.run(TestMethodWorker.java:128)
at java.base/java.util.ArrayList.forEach(ArrayList.java:1541)
at org.testng.TestRunner.privateRun(TestRunner.java:794)
at org.testng.TestRunner.run(TestRunner.java:596)
at org.testng.SuiteRunner.runTest(SuiteRunner.java:377)
at org.testng.SuiteRunner.runSequentially(SuiteRunner.java:371)
at org.testng.SuiteRunner.privateRun(SuiteRunner.java:332)
at org.testng.SuiteRunner.run(SuiteRunner.java:276)
at org.testng.SuiteRunnerWorker.runSuite(SuiteRunnerWorker.java:53)
at org.testng.SuiteRunnerWorker.run(SuiteRunnerWorker.java:96)
at org.testng.TestNG.runSuitesSequentially(TestNG.java:1212)
at org.testng.TestNG.runSuitesLocally(TestNG.java:1134)
at org.testng.TestNG.runSuites(TestNG.java:1063)
at org.testng.TestNG.run(TestNG.java:1031)
at org.testng.remote.AbstractRemoteTestNG.run(AbstractRemoteTestNG.java:115)
at org.testng.remote.RemoteTestNG.initAndRun(RemoteTestNG.java:251)
at org.testng.remote.RemoteTestNG.main(RemoteTestNG.java:77)
]]>
            </full-stacktrace>
          </exception> <!-- java.lang.Throwable -->
          <reporter-output>
          </reporter-output>
        </test-method> <!-- allTestCasesRelated_Likes -->
        <test-method signature="allTestCasesRelated_Templates()[pri:2, instance:com.appium.tests.CoinDetailsTest@402c4085]" started-at="2024-02-12T16:10:48 IST" name="allTestCasesRelated_Templates" finished-at="2024-02-12T16:10:48 IST" depends-on-methods="com.appium.tests.CoinDetailsTest.allTestCasesRelated_Likes" duration-ms="0" status="SKIP">
          <exception class="java.lang.Throwable">
            <message>
              <![CDATA[Method CoinDetailsTest.allTestCasesRelated_Templates()[pri:2, instance:com.appium.tests.CoinDetailsTest@402c4085] depends on not successfully finished methods]]>
            </message>
            <full-stacktrace>
              <![CDATA[java.lang.Throwable: Method CoinDetailsTest.allTestCasesRelated_Templates()[pri:2, instance:com.appium.tests.CoinDetailsTest@402c4085] depends on not successfully finished methods
at org.testng.internal.TestInvoker.invokeTestMethods(TestInvoker.java:102)
at org.testng.internal.TestMethodWorker.invokeTestMethods(TestMethodWorker.java:146)
at org.testng.internal.TestMethodWorker.run(TestMethodWorker.java:128)
at java.base/java.util.ArrayList.forEach(ArrayList.java:1541)
at org.testng.TestRunner.privateRun(TestRunner.java:794)
at org.testng.TestRunner.run(TestRunner.java:596)
at org.testng.SuiteRunner.runTest(SuiteRunner.java:377)
at org.testng.SuiteRunner.runSequentially(SuiteRunner.java:371)
at org.testng.SuiteRunner.privateRun(SuiteRunner.java:332)
at org.testng.SuiteRunner.run(SuiteRunner.java:276)
at org.testng.SuiteRunnerWorker.runSuite(SuiteRunnerWorker.java:53)
at org.testng.SuiteRunnerWorker.run(SuiteRunnerWorker.java:96)
at org.testng.TestNG.runSuitesSequentially(TestNG.java:1212)
at org.testng.TestNG.runSuitesLocally(TestNG.java:1134)
at org.testng.TestNG.runSuites(TestNG.java:1063)
at org.testng.TestNG.run(TestNG.java:1031)
at org.testng.remote.AbstractRemoteTestNG.run(AbstractRemoteTestNG.java:115)
at org.testng.remote.RemoteTestNG.initAndRun(RemoteTestNG.java:251)
at org.testng.remote.RemoteTestNG.main(RemoteTestNG.java:77)
]]>
            </full-stacktrace>
          </exception> <!-- java.lang.Throwable -->
          <reporter-output>
          </reporter-output>
        </test-method> <!-- allTestCasesRelated_Templates -->
        <test-method is-config="true" signature="afterTest()[pri:0, instance:com.appium.tests.CoinDetailsTest@402c4085]" started-at="2024-02-12T16:10:48 IST" name="afterTest" finished-at="2024-02-12T16:10:49 IST" duration-ms="141" status="PASS">
          <reporter-output>
          </reporter-output>
        </test-method> <!-- afterTest -->
        <test-method is-config="true" signature="afterSuite()[pri:0, instance:com.appium.tests.CoinDetailsTest@402c4085]" started-at="2024-02-12T16:10:49 IST" name="afterSuite" finished-at="2024-02-12T16:10:49 IST" duration-ms="60" status="PASS">
          <reporter-output>
          </reporter-output>
        </test-method> <!-- afterSuite -->
      </class> <!-- com.appium.tests.CoinDetailsTest -->
    </test> <!-- Tests on Emulator: Pixel 7 Pro API 31 -->
  </suite> <!-- Test Suite: Emulator- Pixel 3 -->
</testng-results>
